c:\users\martin\desktop\code\c++\segundoparcial\segundoparcial\x64\debug\segundoparcial.pch
c:\users\martin\desktop\code\c++\segundoparcial\segundoparcial\x64\debug\vc143.pdb
c:\users\martin\desktop\code\c++\segundoparcial\segundoparcial\x64\debug\pch.obj
c:\users\martin\desktop\code\c++\segundoparcial\segundoparcial\x64\debug\usuariocrud.obj
c:\users\martin\desktop\code\c++\segundoparcial\segundoparcial\x64\debug\usuario.obj
c:\users\martin\desktop\code\c++\segundoparcial\segundoparcial\x64\debug\ticketcrud.obj
c:\users\martin\desktop\code\c++\segundoparcial\segundoparcial\x64\debug\ticket.obj
c:\users\martin\desktop\code\c++\segundoparcial\segundoparcial\x64\debug\rolcrud.obj
c:\users\martin\desktop\code\c++\segundoparcial\segundoparcial\x64\debug\rol.obj
c:\users\martin\desktop\code\c++\segundoparcial\segundoparcial\x64\debug\notificacioncrud.obj
c:\users\martin\desktop\code\c++\segundoparcial\segundoparcial\x64\debug\notificacion.obj
c:\users\martin\desktop\code\c++\segundoparcial\segundoparcial\x64\debug\estado.obj
c:\users\martin\desktop\code\c++\segundoparcial\segundoparcial\x64\debug\cppclr_winformsproject.obj
c:\users\martin\desktop\code\c++\segundoparcial\segundoparcial\x64\debug\controller.obj
c:\users\martin\desktop\code\c++\segundoparcial\segundoparcial\x64\debug\connection.obj
c:\users\martin\desktop\code\c++\segundoparcial\segundoparcial\x64\debug\auth.obj
c:\users\martin\desktop\code\c++\segundoparcial\segundoparcial\x64\debug\assemblyinfo.obj
c:\users\martin\desktop\code\c++\segundoparcial\segundoparcial\x64\debug\.netframework,version=v4.7.2.assemblyattributes.obj
c:\users\martin\desktop\code\c++\segundoparcial\segundoparcial\x64\debug\verticketadmin.obj
c:\users\martin\desktop\code\c++\segundoparcial\x64\debug\mysql.data.dll
c:\users\martin\desktop\code\c++\segundoparcial\x64\debug\system.memory.dll
c:\users\martin\desktop\code\c++\segundoparcial\x64\debug\system.threading.tasks.extensions.dll
c:\users\martin\desktop\code\c++\segundoparcial\x64\debug\system.numerics.vectors.dll
c:\users\martin\desktop\code\c++\segundoparcial\x64\debug\system.buffers.dll
c:\users\martin\desktop\code\c++\segundoparcial\x64\debug\mysql.data.xml
c:\users\martin\desktop\code\c++\segundoparcial\x64\debug\segundoparcial.exe
c:\users\martin\desktop\code\c++\segundoparcial\x64\debug\segundoparcial.pdb
c:\users\martin\desktop\code\c++\segundoparcial\segundoparcial\x64\debug\app.res
c:\users\martin\desktop\code\c++\segundoparcial\segundoparcial\x64\debug\segundoparcial.verticketadmin.resources
c:\users\martin\desktop\code\c++\segundoparcial\segundoparcial\x64\debug\segundoparcial.tlog\cl.command.1.tlog
c:\users\martin\desktop\code\c++\segundoparcial\segundoparcial\x64\debug\segundoparcial.tlog\cl.items.tlog
c:\users\martin\desktop\code\c++\segundoparcial\segundoparcial\x64\debug\segundoparcial.tlog\cl.read.1.tlog
c:\users\martin\desktop\code\c++\segundoparcial\segundoparcial\x64\debug\segundoparcial.tlog\cl.write.1.tlog
c:\users\martin\desktop\code\c++\segundoparcial\segundoparcial\x64\debug\segundoparcial.tlog\copylocal.read.1u.tlog
c:\users\martin\desktop\code\c++\segundoparcial\segundoparcial\x64\debug\segundoparcial.tlog\copylocal.write.1u.tlog
c:\users\martin\desktop\code\c++\segundoparcial\segundoparcial\x64\debug\segundoparcial.tlog\link.25076-cvtres.read.1.tlog
c:\users\martin\desktop\code\c++\segundoparcial\segundoparcial\x64\debug\segundoparcial.tlog\link.25076-cvtres.write.1.tlog
c:\users\martin\desktop\code\c++\segundoparcial\segundoparcial\x64\debug\segundoparcial.tlog\link.25076-rc.read.1.tlog
c:\users\martin\desktop\code\c++\segundoparcial\segundoparcial\x64\debug\segundoparcial.tlog\link.25076-rc.write.1.tlog
c:\users\martin\desktop\code\c++\segundoparcial\segundoparcial\x64\debug\segundoparcial.tlog\link.25076.read.1.tlog
c:\users\martin\desktop\code\c++\segundoparcial\segundoparcial\x64\debug\segundoparcial.tlog\link.25076.read.2.tlog
c:\users\martin\desktop\code\c++\segundoparcial\segundoparcial\x64\debug\segundoparcial.tlog\link.25076.write.1.tlog
c:\users\martin\desktop\code\c++\segundoparcial\segundoparcial\x64\debug\segundoparcial.tlog\link.command.1.tlog
c:\users\martin\desktop\code\c++\segundoparcial\segundoparcial\x64\debug\segundoparcial.tlog\link.read.1.tlog
c:\users\martin\desktop\code\c++\segundoparcial\segundoparcial\x64\debug\segundoparcial.tlog\link.read.2.tlog
c:\users\martin\desktop\code\c++\segundoparcial\segundoparcial\x64\debug\segundoparcial.tlog\link.secondary.1.tlog
c:\users\martin\desktop\code\c++\segundoparcial\segundoparcial\x64\debug\segundoparcial.tlog\link.write.1.tlog
c:\users\martin\desktop\code\c++\segundoparcial\segundoparcial\x64\debug\segundoparcial.tlog\metagen.read.1.tlog
c:\users\martin\desktop\code\c++\segundoparcial\segundoparcial\x64\debug\segundoparcial.tlog\metagen.write.1.tlog
c:\users\martin\desktop\code\c++\segundoparcial\segundoparcial\x64\debug\segundoparcial.tlog\rc.command.1.tlog
c:\users\martin\desktop\code\c++\segundoparcial\segundoparcial\x64\debug\segundoparcial.tlog\rc.read.1.tlog
c:\users\martin\desktop\code\c++\segundoparcial\segundoparcial\x64\debug\segundoparcial.tlog\rc.write.1.tlog
c:\users\martin\desktop\code\c++\segundoparcial\segundoparcial\x64\debug\segundoparcial.tlog\resgen.command.1.tlog
c:\users\martin\desktop\code\c++\segundoparcial\segundoparcial\x64\debug\segundoparcial.tlog\resgen.read.1.tlog
c:\users\martin\desktop\code\c++\segundoparcial\segundoparcial\x64\debug\segundoparcial.tlog\resgen.write.1.tlog
