  Controller.cpp
C:\Users\Martin\Desktop\Code\C++\SegundoParcial\Auth.cpp(3,10): warning C4067: unexpected tokens following preprocessor directive - expected a newline
  (compiling source file '/Controller.cpp')
  
C:\Users\Martin\Desktop\Code\C++\SegundoParcial\Usuario.cpp(3,10): warning C4067: unexpected tokens following preprocessor directive - expected a newline
  (compiling source file '/Controller.cpp')
  
C:\Users\Martin\Desktop\Code\C++\SegundoParcial\Rol.cpp(3,10): warning C4067: unexpected tokens following preprocessor directive - expected a newline
  (compiling source file '/Controller.cpp')
  
C:\Users\Martin\Desktop\Code\C++\SegundoParcial\RolCRUD.cpp(3,10): warning C4067: unexpected tokens following preprocessor directive - expected a newline
  (compiling source file '/Controller.cpp')
  
C:\Users\Martin\Desktop\Code\C++\SegundoParcial\UsuarioCRUD.cpp(3,10): warning C4067: unexpected tokens following preprocessor directive - expected a newline
  (compiling source file '/Controller.cpp')
  
C:\Users\Martin\Desktop\Code\C++\SegundoParcial\TicketCRUD.cpp(3,10): warning C4067: unexpected tokens following preprocessor directive - expected a newline
  (compiling source file '/Controller.cpp')
  
C:\Users\Martin\Desktop\Code\C++\SegundoParcial\NotificacionCRUD.cpp(2,10): warning C4067: unexpected tokens following preprocessor directive - expected a newline
  (compiling source file '/Controller.cpp')
  
C:\Users\Martin\Desktop\Code\C++\SegundoParcial\Controller.cpp(115,35): warning C4101: 'e': unreferenced local variable
  (compiling source file '/Controller.cpp')
  
C:\Users\Martin\Desktop\Code\C++\SegundoParcial\Controller.cpp(836,27): warning C4101: 'e': unreferenced local variable
  (compiling source file '/Controller.cpp')
  
  AssemblyInfo.obj : MSIL module encountered; incremental linking is disabled for MSIL; performing full link
  SegundoParcial.vcxproj -> C:\Users\Martin\Desktop\Code\C++\SegundoParcial\x64\Debug\SegundoParcial.exe
  C:\mysql-connector-c++-9.0.0-winx64\lib64\libcrypto-3-x64.dll
  C:\mysql-connector-c++-9.0.0-winx64\lib64\libssl-3-x64.dll
  C:\mysql-connector-c++-9.0.0-winx64\lib64\mysqlcppconn-10-vs14.dll
  C:\mysql-connector-c++-9.0.0-winx64\lib64\mysqlcppconnx-2-vs14.dll
  4 archivo(s) copiado(s)
